<?xml version="1.0" encoding="UTF-8"?>
<!-- Generated by org.testng.reporters.JUnitReportReporter -->
<testsuite skipped="0" hostname="MONIKA" name="Portal.Naukri.NaukriLogin" tests="1" failures="0" timestamp="2020-10-31T10:58:35 IST" time="59.167" errors="0">
  <testcase name="f" time="59.167" classname="Portal.Naukri.NaukriLogin"/>
  <system-out/>
</testsuite> <!-- Portal.Naukri.NaukriLogin -->
